[2026-02-08 07:03:08,988] INFO: 📝 로그 설정 완료. 자동화 작업을 시작합니다.
[2026-02-08 07:03:08,988] INFO: 🚀 환율 정보 업데이트 시작...
[2026-02-08 07:03:08,988] INFO: 🔄 시도 1: 20260208 데이터 조회 중...
[2026-02-08 07:03:10,295] ERROR: ❌ API 요청 중 에러 발생: ('Connection aborted.', ConnectionResetError(104, 'Connection reset by peer'))
[2026-02-08 07:03:10,295] INFO: 🔄 시도 2: 20260207 데이터 조회 중...
[2026-02-08 07:03:22,085] ERROR: ❌ API 요청 중 에러 발생: Expecting value: line 1 column 1 (char 0)
[2026-02-08 07:03:22,085] INFO: 🔄 시도 3: 20260206 데이터 조회 중...
[2026-02-08 07:03:33,087] ERROR: ❌ API 요청 중 에러 발생: Expecting value: line 1 column 1 (char 0)
[2026-02-08 07:03:33,088] INFO: 🔄 시도 4: 20260205 데이터 조회 중...
[2026-02-08 07:03:43,085] ERROR: ❌ API 요청 중 에러 발생: Expecting value: line 1 column 1 (char 0)
[2026-02-08 07:03:43,085] INFO: 🔄 시도 5: 20260204 데이터 조회 중...
[2026-02-08 07:03:55,086] ERROR: ❌ API 요청 중 에러 발생: Expecting value: line 1 column 1 (char 0)
[2026-02-08 07:03:55,087] INFO: 🔄 시도 6: 20260203 데이터 조회 중...
[2026-02-08 07:04:05,086] ERROR: ❌ API 요청 중 에러 발생: Expecting value: line 1 column 1 (char 0)
[2026-02-08 07:04:05,086] INFO: 🔄 시도 7: 20260202 데이터 조회 중...
[2026-02-08 07:04:18,086] ERROR: ❌ API 요청 중 에러 발생: Expecting value: line 1 column 1 (char 0)
[2026-02-08 07:04:18,087] INFO: 🔄 시도 8: 20260201 데이터 조회 중...
[2026-02-08 07:04:30,086] ERROR: ❌ API 요청 중 에러 발생: Expecting value: line 1 column 1 (char 0)
[2026-02-08 07:04:30,086] INFO: 🔄 시도 9: 20260131 데이터 조회 중...
[2026-02-08 07:04:40,084] ERROR: ❌ API 요청 중 에러 발생: Expecting value: line 1 column 1 (char 0)
[2026-02-08 07:04:40,084] INFO: 🔄 시도 10: 20260130 데이터 조회 중...
[2026-02-08 07:04:52,086] ERROR: ❌ API 요청 중 에러 발생: Expecting value: line 1 column 1 (char 0)
[2026-02-08 07:04:52,086] ERROR: ❌ 최근 10일간의 데이터를 찾을 수 없습니다.
[2026-02-08 07:04:52,086] WARNING: ⚠️ 저장할 데이터가 없어 종료합니다.
